desc: --pages-as-heap=yes --massif-out-file=massif.out
cmd: top
time_unit: i
#-----------
snapshot=0
#-----------
time=0
mem_heap_B=16384
mem_heap_extra_B=0
mem_stacks_B=0
heap_tree=empty
#-----------
snapshot=1
#-----------
time=0
mem_heap_B=512000
mem_heap_extra_B=0
mem_stacks_B=0
heap_tree=empty
#-----------
snapshot=2
#-----------
time=24856
mem_heap_B=532480
mem_heap_extra_B=0
mem_stacks_B=0
heap_tree=empty
#-----------
snapshot=3
#-----------
time=27807
mem_heap_B=589824
mem_heap_extra_B=0
mem_stacks_B=0
heap_tree=empty
#-----------
snapshot=4
#-----------
time=30717
mem_heap_B=909312
mem_heap_extra_B=0
mem_stacks_B=0
heap_tree=empty
#-----------
snapshot=5
#-----------
time=35002
mem_heap_B=1105920
mem_heap_extra_B=0
mem_stacks_B=0
heap_tree=empty
#-----------
snapshot=6
#-----------
time=35175
mem_heap_B=1245184
mem_heap_extra_B=0
mem_stacks_B=0
heap_tree=empty
#-----------
snapshot=7
#-----------
time=40017
mem_heap_B=3284992
mem_heap_extra_B=0
mem_stacks_B=0
heap_tree=empty
#-----------
snapshot=8
#-----------
time=40490
mem_heap_B=5185536
mem_heap_extra_B=0
mem_stacks_B=0
heap_tree=empty
#-----------
snapshot=9
#-----------
time=45613
mem_heap_B=5902336
mem_heap_extra_B=0
mem_stacks_B=0
heap_tree=empty
#-----------
snapshot=10
#-----------
time=46035
mem_heap_B=6553600
mem_heap_extra_B=0
mem_stacks_B=0
heap_tree=empty
#-----------
snapshot=11
#-----------
time=50898
mem_heap_B=6578176
mem_heap_extra_B=0
mem_stacks_B=0
heap_tree=empty
#-----------
snapshot=12
#-----------
time=51071
mem_heap_B=6598656
mem_heap_extra_B=0
mem_stacks_B=0
heap_tree=empty
#-----------
snapshot=13
#-----------
time=59514
mem_heap_B=6639616
mem_heap_extra_B=0
mem_stacks_B=0
heap_tree=empty
#-----------
snapshot=14
#-----------
time=59687
mem_heap_B=6672384
mem_heap_extra_B=0
mem_stacks_B=0
heap_tree=empty
#-----------
snapshot=15
#-----------
time=64901
mem_heap_B=6680576
mem_heap_extra_B=0
mem_stacks_B=0
heap_tree=empty
#-----------
snapshot=16
#-----------
time=65992
mem_heap_B=7000064
mem_heap_extra_B=0
mem_stacks_B=0
heap_tree=detailed
n3: 7000064 (page allocation syscalls) mmap/mremap/brk, --alloc-fns, etc.
 n1: 6488064 0x401F176: __mmap64 (mmap64.c:59)
  n4: 6488064 0x401F176: mmap (mmap64.c:47)
   n1: 3371008 0x4007325: _dl_map_segments (dl-map-segments.h:56)
    n1: 3371008 0x4007325: _dl_map_object_from_fd (dl-load.c:1186)
     n2: 3371008 0x400A61A: _dl_map_object (dl-load.c:2236)
      n1: 3350528 0x400F504: openaux (dl-deps.c:64)
       n1: 3350528 0x401DCA9: _dl_catch_exception (dl-error-skeleton.c:208)
        n1: 3350528 0x400F952: _dl_map_object_deps (dl-deps.c:248)
         n1: 3350528 0x4004063: dl_main (rtld.c:1805)
          n1: 3350528 0x401CC3A: _dl_sysdep_start (dl-sysdep.c:252)
           n1: 3350528 0x400204B: _dl_start_final (rtld.c:449)
            n1: 3350528 0x400204B: _dl_start (rtld.c:539)
             n0: 3350528 0x4001107: ??? (in /usr/lib/x86_64-linux-gnu/ld-2.31.so)
      n0: 20480 in 1 place, below massif's threshold (1.00%)
   n1: 2961408 0x4007491: _dl_map_segments (dl-map-segments.h:94)
    n1: 2961408 0x4007491: _dl_map_object_from_fd (dl-load.c:1186)
     n2: 2961408 0x400A61A: _dl_map_object (dl-load.c:2236)
      n1: 2945024 0x400F504: openaux (dl-deps.c:64)
       n1: 2945024 0x401DCA9: _dl_catch_exception (dl-error-skeleton.c:208)
        n1: 2945024 0x400F952: _dl_map_object_deps (dl-deps.c:248)
         n1: 2945024 0x4004063: dl_main (rtld.c:1805)
          n1: 2945024 0x401CC3A: _dl_sysdep_start (dl-sysdep.c:252)
           n1: 2945024 0x400204B: _dl_start_final (rtld.c:449)
            n1: 2945024 0x400204B: _dl_start (rtld.c:539)
             n0: 2945024 0x4001107: ??? (in /usr/lib/x86_64-linux-gnu/ld-2.31.so)
      n0: 16384 in 1 place, below massif's threshold (1.00%)
   n1: 98304 0x4007C22: _dl_map_segments (dl-map-segments.h:141)
    n1: 98304 0x4007C22: _dl_map_object_from_fd (dl-load.c:1186)
     n1: 98304 0x400A61A: _dl_map_object (dl-load.c:2236)
      n1: 98304 0x400F504: openaux (dl-deps.c:64)
       n1: 98304 0x401DCA9: _dl_catch_exception (dl-error-skeleton.c:208)
        n1: 98304 0x400F952: _dl_map_object_deps (dl-deps.c:248)
         n1: 98304 0x4004063: dl_main (rtld.c:1805)
          n1: 98304 0x401CC3A: _dl_sysdep_start (dl-sysdep.c:252)
           n1: 98304 0x400204B: _dl_start_final (rtld.c:449)
            n1: 98304 0x400204B: _dl_start (rtld.c:539)
             n0: 98304 0x4001107: ??? (in /usr/lib/x86_64-linux-gnu/ld-2.31.so)
   n0: 57344 in 2 places, all below massif's threshold (1.00%)
 n0: 512000 0x0: ???
 n0: 0 in 1 place, below massif's threshold (1.00%)
#-----------
snapshot=17
#-----------
time=71218
mem_heap_B=7135232
mem_heap_extra_B=0
mem_stacks_B=0
heap_tree=empty
#-----------
snapshot=18
#-----------
time=71391
mem_heap_B=7262208
mem_heap_extra_B=0
mem_stacks_B=0
heap_tree=empty
#-----------
snapshot=19
#-----------
time=76612
mem_heap_B=8433664
mem_heap_extra_B=0
mem_stacks_B=0
heap_tree=empty
#-----------
snapshot=20
#-----------
time=76785
mem_heap_B=9555968
mem_heap_extra_B=0
mem_stacks_B=0
heap_tree=empty
#-----------
snapshot=21
#-----------
time=82476
mem_heap_B=9699328
mem_heap_extra_B=0
mem_stacks_B=0
heap_tree=empty
#-----------
snapshot=22
#-----------
time=83075
mem_heap_B=9818112
mem_heap_extra_B=0
mem_stacks_B=0
heap_tree=empty
#-----------
snapshot=23
#-----------
time=102930
mem_heap_B=9961472
mem_heap_extra_B=0
mem_stacks_B=0
heap_tree=empty
#-----------
snapshot=24
#-----------
time=103103
mem_heap_B=10088448
mem_heap_extra_B=0
mem_stacks_B=0
heap_tree=empty
#-----------
snapshot=25
#-----------
time=119729
mem_heap_B=10096640
mem_heap_extra_B=0
mem_stacks_B=0
heap_tree=empty
#-----------
snapshot=26
#-----------
time=155736
mem_heap_B=10108928
mem_heap_extra_B=0
mem_stacks_B=0
heap_tree=empty
#-----------
snapshot=27
#-----------
time=896533
mem_heap_B=10108928
mem_heap_extra_B=0
mem_stacks_B=0
heap_tree=detailed
n3: 10108928 (page allocation syscalls) mmap/mremap/brk, --alloc-fns, etc.
 n1: 9596928 0x401F176: __mmap64 (mmap64.c:59)
  n4: 9596928 0x401F176: mmap (mmap64.c:47)
   n1: 4964352 0x4007325: _dl_map_segments (dl-map-segments.h:56)
    n1: 4964352 0x4007325: _dl_map_object_from_fd (dl-load.c:1186)
     n2: 4964352 0x400A61A: _dl_map_object (dl-load.c:2236)
      n1: 4943872 0x400F504: openaux (dl-deps.c:64)
       n1: 4943872 0x401DCA9: _dl_catch_exception (dl-error-skeleton.c:208)
        n1: 4943872 0x400F952: _dl_map_object_deps (dl-deps.c:248)
         n1: 4943872 0x4004063: dl_main (rtld.c:1805)
          n1: 4943872 0x401CC3A: _dl_sysdep_start (dl-sysdep.c:252)
           n1: 4943872 0x400204B: _dl_start_final (rtld.c:449)
            n1: 4943872 0x400204B: _dl_start (rtld.c:539)
             n0: 4943872 0x4001107: ??? (in /usr/lib/x86_64-linux-gnu/ld-2.31.so)
      n0: 20480 in 1 place, below massif's threshold (1.00%)
   n1: 4440064 0x4007491: _dl_map_segments (dl-map-segments.h:94)
    n1: 4440064 0x4007491: _dl_map_object_from_fd (dl-load.c:1186)
     n2: 4440064 0x400A61A: _dl_map_object (dl-load.c:2236)
      n1: 4423680 0x400F504: openaux (dl-deps.c:64)
       n1: 4423680 0x401DCA9: _dl_catch_exception (dl-error-skeleton.c:208)
        n1: 4423680 0x400F952: _dl_map_object_deps (dl-deps.c:248)
         n1: 4423680 0x4004063: dl_main (rtld.c:1805)
          n1: 4423680 0x401CC3A: _dl_sysdep_start (dl-sysdep.c:252)
           n1: 4423680 0x400204B: _dl_start_final (rtld.c:449)
            n1: 4423680 0x400204B: _dl_start (rtld.c:539)
             n0: 4423680 0x4001107: ??? (in /usr/lib/x86_64-linux-gnu/ld-2.31.so)
      n0: 16384 in 1 place, below massif's threshold (1.00%)
   n1: 114688 0x4007C22: _dl_map_segments (dl-map-segments.h:141)
    n1: 114688 0x4007C22: _dl_map_object_from_fd (dl-load.c:1186)
     n1: 114688 0x400A61A: _dl_map_object (dl-load.c:2236)
      n1: 114688 0x400F504: openaux (dl-deps.c:64)
       n1: 114688 0x401DCA9: _dl_catch_exception (dl-error-skeleton.c:208)
        n1: 114688 0x400F952: _dl_map_object_deps (dl-deps.c:248)
         n1: 114688 0x4004063: dl_main (rtld.c:1805)
          n1: 114688 0x401CC3A: _dl_sysdep_start (dl-sysdep.c:252)
           n1: 114688 0x400204B: _dl_start_final (rtld.c:449)
            n1: 114688 0x400204B: _dl_start (rtld.c:539)
             n0: 114688 0x4001107: ??? (in /usr/lib/x86_64-linux-gnu/ld-2.31.so)
   n0: 77824 in 2 places, all below massif's threshold (1.00%)
 n0: 512000 0x0: ???
 n0: 0 in 1 place, below massif's threshold (1.00%)
#-----------
snapshot=28
#-----------
time=896533
mem_heap_B=10104832
mem_heap_extra_B=0
mem_stacks_B=0
heap_tree=empty
#-----------
snapshot=29
#-----------
time=978278
mem_heap_B=10203136
mem_heap_extra_B=0
mem_stacks_B=0
heap_tree=empty
#-----------
snapshot=30
#-----------
time=1022743
mem_heap_B=13242368
mem_heap_extra_B=0
mem_stacks_B=0
heap_tree=empty
#-----------
snapshot=31
#-----------
time=1080452
mem_heap_B=13246464
mem_heap_extra_B=0
mem_stacks_B=0
heap_tree=empty
#-----------
snapshot=32
#-----------
time=1082006
mem_heap_B=13275136
mem_heap_extra_B=0
mem_stacks_B=0
heap_tree=empty
#-----------
snapshot=33
#-----------
time=1091335
mem_heap_B=13279232
mem_heap_extra_B=0
mem_stacks_B=0
heap_tree=empty
#-----------
snapshot=34
#-----------
time=1101452
mem_heap_B=13283328
mem_heap_extra_B=0
mem_stacks_B=0
heap_tree=empty
#-----------
snapshot=35
#-----------
time=1111601
mem_heap_B=13287424
mem_heap_extra_B=0
mem_stacks_B=0
heap_tree=empty
#-----------
snapshot=36
#-----------
time=1121963
mem_heap_B=13291520
mem_heap_extra_B=0
mem_stacks_B=0
heap_tree=empty
#-----------
snapshot=37
#-----------
time=1132162
mem_heap_B=13295616
mem_heap_extra_B=0
mem_stacks_B=0
heap_tree=detailed
n5: 13295616 (page allocation syscalls) mmap/mremap/brk, --alloc-fns, etc.
 n1: 9555968 0x401F176: __mmap64 (mmap64.c:59)
  n3: 9555968 0x401F176: mmap (mmap64.c:47)
   n1: 4964352 0x4007325: _dl_map_segments (dl-map-segments.h:56)
    n1: 4964352 0x4007325: _dl_map_object_from_fd (dl-load.c:1186)
     n2: 4964352 0x400A61A: _dl_map_object (dl-load.c:2236)
      n1: 4943872 0x400F504: openaux (dl-deps.c:64)
       n1: 4943872 0x401DCA9: _dl_catch_exception (dl-error-skeleton.c:208)
        n1: 4943872 0x400F952: _dl_map_object_deps (dl-deps.c:248)
         n1: 4943872 0x4004063: dl_main (rtld.c:1805)
          n1: 4943872 0x401CC3A: _dl_sysdep_start (dl-sysdep.c:252)
           n1: 4943872 0x400204B: _dl_start_final (rtld.c:449)
            n1: 4943872 0x400204B: _dl_start (rtld.c:539)
             n0: 4943872 0x4001107: ??? (in /usr/lib/x86_64-linux-gnu/ld-2.31.so)
      n0: 20480 in 1 place, below massif's threshold (1.00%)
   n1: 4440064 0x4007491: _dl_map_segments (dl-map-segments.h:94)
    n1: 4440064 0x4007491: _dl_map_object_from_fd (dl-load.c:1186)
     n2: 4440064 0x400A61A: _dl_map_object (dl-load.c:2236)
      n1: 4423680 0x400F504: openaux (dl-deps.c:64)
       n1: 4423680 0x401DCA9: _dl_catch_exception (dl-error-skeleton.c:208)
        n1: 4423680 0x400F952: _dl_map_object_deps (dl-deps.c:248)
         n1: 4423680 0x4004063: dl_main (rtld.c:1805)
          n1: 4423680 0x401CC3A: _dl_sysdep_start (dl-sysdep.c:252)
           n1: 4423680 0x400204B: _dl_start_final (rtld.c:449)
            n1: 4423680 0x400204B: _dl_start (rtld.c:539)
             n0: 4423680 0x4001107: ??? (in /usr/lib/x86_64-linux-gnu/ld-2.31.so)
      n0: 16384 in 1 place, below massif's threshold (1.00%)
   n0: 151552 in 3 places, all below massif's threshold (1.00%)
 n1: 3092480 0x49B1916: __mmap64 (mmap64.c:59)
  n2: 3092480 0x49B1916: mmap (mmap64.c:47)
   n1: 3039232 0x48CB60C: _nl_load_locale_from_archive (loadarchive.c:227)
    n1: 3039232 0x48CA1FD: _nl_find_locale (findlocale.c:153)
     n1: 3039232 0x48C9924: setlocale (setlocale.c:337)
      n1: 3039232 0x48C9924: setlocale (setlocale.c:217)
       n1: 3039232 0x11CC28: ??? (in /usr/bin/top)
        n1: 3039232 0x10FC7A: ??? (in /usr/bin/top)
         n1: 3039232 0x10CE32: ??? (in /usr/bin/top)
          n0: 3039232 0x48BD0B2: (below main) (libc-start.c:308)
   n0: 53248 in 2 places, all below massif's threshold (1.00%)
 n0: 512000 0x0: ???
 n1: 135168 0x49AD2BB: brk (brk.c:31)
  n1: 135168 0x49AD3A0: __sbrk (sbrk.c:56)
   n1: 135168 0x49AD3A0: sbrk (sbrk.c:31)
    n1: 135168 0x4935BBC: __default_morecore (morecore.c:47)
     n1: 135168 0x49305A4: sysmalloc (malloc.c:2470)
      n1: 135168 0x49317C2: _int_malloc (malloc.c:4141)
       n1: 135168 0x49319AA: tcache_init.part.0 (malloc.c:2982)
        n1: 135168 0x4932C3D: tcache_init (malloc.c:2978)
         n1: 135168 0x4932C3D: __libc_malloc (malloc.c:3044)
          n1: 135168 0x4932C3D: malloc_hook_ini (hooks.c:32)
           n1: 135168 0x48CD76E: set_binding_values.part.0 (bindtextdom.c:203)
            n1: 135168 0x48CDA14: set_binding_values (bindtextdom.c:82)
             n1: 135168 0x48CDA14: bindtextdomain (bindtextdom.c:320)
              n1: 135168 0x4CDD1BA: ??? (in /usr/lib/x86_64-linux-gnu/libgpg-error.so.0.28.0)
               n1: 135168 0x4011B89: call_init.part.0 (dl-init.c:72)
                n1: 135168 0x4011C90: call_init (dl-init.c:30)
                 n1: 135168 0x4011C90: _dl_init (dl-init.c:119)
                  n0: 135168 0x4001139: ??? (in /usr/lib/x86_64-linux-gnu/ld-2.31.so)
 n0: 0 in 1 place, below massif's threshold (1.00%)
#-----------
snapshot=38
#-----------
time=1157118
mem_heap_B=13299712
mem_heap_extra_B=0
mem_stacks_B=0
heap_tree=empty
#-----------
snapshot=39
#-----------
time=1166921
mem_heap_B=13303808
mem_heap_extra_B=0
mem_stacks_B=0
heap_tree=empty
#-----------
snapshot=40
#-----------
time=1177602
mem_heap_B=14823424
mem_heap_extra_B=0
mem_stacks_B=0
heap_tree=empty
#-----------
snapshot=41
#-----------
time=1187749
mem_heap_B=14827520
mem_heap_extra_B=0
mem_stacks_B=0
heap_tree=empty
#-----------
snapshot=42
#-----------
time=1200564
mem_heap_B=14831616
mem_heap_extra_B=0
mem_stacks_B=0
heap_tree=empty
#-----------
snapshot=43
#-----------
time=1210518
mem_heap_B=15036416
mem_heap_extra_B=0
mem_stacks_B=0
heap_tree=empty
#-----------
snapshot=44
#-----------
time=1706391
mem_heap_B=15077376
mem_heap_extra_B=0
mem_stacks_B=0
heap_tree=empty
#-----------
snapshot=45
#-----------
time=1713797
mem_heap_B=15077376
mem_heap_extra_B=0
mem_stacks_B=0
heap_tree=detailed
n4: 15077376 (page allocation syscalls) mmap/mremap/brk, --alloc-fns, etc.
 n1: 9596928 0x401F176: __mmap64 (mmap64.c:59)
  n3: 9596928 0x401F176: mmap (mmap64.c:47)
   n1: 4964352 0x4007325: _dl_map_segments (dl-map-segments.h:56)
    n1: 4964352 0x4007325: _dl_map_object_from_fd (dl-load.c:1186)
     n2: 4964352 0x400A61A: _dl_map_object (dl-load.c:2236)
      n1: 4943872 0x400F504: openaux (dl-deps.c:64)
       n1: 4943872 0x401DCA9: _dl_catch_exception (dl-error-skeleton.c:208)
        n1: 4943872 0x400F952: _dl_map_object_deps (dl-deps.c:248)
         n1: 4943872 0x4004063: dl_main (rtld.c:1805)
          n1: 4943872 0x401CC3A: _dl_sysdep_start (dl-sysdep.c:252)
           n1: 4943872 0x400204B: _dl_start_final (rtld.c:449)
            n1: 4943872 0x400204B: _dl_start (rtld.c:539)
             n0: 4943872 0x4001107: ??? (in /usr/lib/x86_64-linux-gnu/ld-2.31.so)
      n0: 20480 in 1 place, below massif's threshold (1.00%)
   n1: 4440064 0x4007491: _dl_map_segments (dl-map-segments.h:94)
    n1: 4440064 0x4007491: _dl_map_object_from_fd (dl-load.c:1186)
     n2: 4440064 0x400A61A: _dl_map_object (dl-load.c:2236)
      n1: 4423680 0x400F504: openaux (dl-deps.c:64)
       n1: 4423680 0x401DCA9: _dl_catch_exception (dl-error-skeleton.c:208)
        n1: 4423680 0x400F952: _dl_map_object_deps (dl-deps.c:248)
         n1: 4423680 0x4004063: dl_main (rtld.c:1805)
          n1: 4423680 0x401CC3A: _dl_sysdep_start (dl-sysdep.c:252)
           n1: 4423680 0x400204B: _dl_start_final (rtld.c:449)
            n1: 4423680 0x400204B: _dl_start (rtld.c:539)
             n0: 4423680 0x4001107: ??? (in /usr/lib/x86_64-linux-gnu/ld-2.31.so)
      n0: 16384 in 1 place, below massif's threshold (1.00%)
   n0: 192512 in 3 places, all below massif's threshold (1.00%)
 n1: 4833280 0x49B1916: __mmap64 (mmap64.c:59)
  n3: 4833280 0x49B1916: mmap (mmap64.c:47)
   n1: 3039232 0x48CB60C: _nl_load_locale_from_archive (loadarchive.c:227)
    n1: 3039232 0x48CA1FD: _nl_find_locale (findlocale.c:153)
     n1: 3039232 0x48C9924: setlocale (setlocale.c:337)
      n1: 3039232 0x48C9924: setlocale (setlocale.c:217)
       n1: 3039232 0x11CC28: ??? (in /usr/bin/top)
        n1: 3039232 0x10FC7A: ??? (in /usr/bin/top)
         n1: 3039232 0x10CE32: ??? (in /usr/bin/top)
          n0: 3039232 0x48BD0B2: (below main) (libc-start.c:308)
   n1: 1765376 0x48CACA5: _nl_load_locale (loadlocale.c:224)
    n1: 1765376 0x48CA8EF: _nl_find_locale (findlocale.c:238)
     n1: 1765376 0x48C9924: setlocale (setlocale.c:337)
      n1: 1765376 0x48C9924: setlocale (setlocale.c:217)
       n1: 1765376 0x11CC28: ??? (in /usr/bin/top)
        n1: 1765376 0x10FC7A: ??? (in /usr/bin/top)
         n1: 1765376 0x10CE32: ??? (in /usr/bin/top)
          n0: 1765376 0x48BD0B2: (below main) (libc-start.c:308)
   n0: 28672 in 1 place, below massif's threshold (1.00%)
 n0: 512000 0x0: ???
 n0: 135168 in 2 places, all below massif's threshold (1.00%)
#-----------
snapshot=46
#-----------
time=1713797
mem_heap_B=15073280
mem_heap_extra_B=0
mem_stacks_B=0
heap_tree=empty
#-----------
snapshot=47
#-----------
time=1717574
mem_heap_B=15077376
mem_heap_extra_B=0
mem_stacks_B=0
heap_tree=empty
#-----------
snapshot=48
#-----------
time=1720832
mem_heap_B=15130624
mem_heap_extra_B=0
mem_stacks_B=0
heap_tree=empty
#-----------
snapshot=49
#-----------
time=1721023
mem_heap_B=15167488
mem_heap_extra_B=0
mem_stacks_B=0
heap_tree=empty
#-----------
snapshot=50
#-----------
time=1788200
mem_heap_B=15163392
mem_heap_extra_B=0
mem_stacks_B=0
heap_tree=empty
#-----------
snapshot=51
#-----------
time=2207174
mem_heap_B=15261696
mem_heap_extra_B=0
mem_stacks_B=0
heap_tree=empty
#-----------
snapshot=52
#-----------
time=2211909
mem_heap_B=15396864
mem_heap_extra_B=0
mem_stacks_B=0
heap_tree=empty
#-----------
snapshot=53
#-----------
time=2212196
mem_heap_B=15532032
mem_heap_extra_B=0
mem_stacks_B=0
heap_tree=detailed
n5: 15532032 (page allocation syscalls) mmap/mremap/brk, --alloc-fns, etc.
 n1: 9646080 0x401F176: __mmap64 (mmap64.c:59)
  n3: 9646080 0x401F176: mmap (mmap64.c:47)
   n1: 5017600 0x4007325: _dl_map_segments (dl-map-segments.h:56)
    n1: 5017600 0x4007325: _dl_map_object_from_fd (dl-load.c:1186)
     n2: 5017600 0x400A61A: _dl_map_object (dl-load.c:2236)
      n1: 4943872 0x400F504: openaux (dl-deps.c:64)
       n1: 4943872 0x401DCA9: _dl_catch_exception (dl-error-skeleton.c:208)
        n1: 4943872 0x400F952: _dl_map_object_deps (dl-deps.c:248)
         n1: 4943872 0x4004063: dl_main (rtld.c:1805)
          n1: 4943872 0x401CC3A: _dl_sysdep_start (dl-sysdep.c:252)
           n1: 4943872 0x400204B: _dl_start_final (rtld.c:449)
            n1: 4943872 0x400204B: _dl_start (rtld.c:539)
             n0: 4943872 0x4001107: ??? (in /usr/lib/x86_64-linux-gnu/ld-2.31.so)
      n0: 73728 in 2 places, all below massif's threshold (1.00%)
   n1: 4476928 0x4007491: _dl_map_segments (dl-map-segments.h:94)
    n1: 4476928 0x4007491: _dl_map_object_from_fd (dl-load.c:1186)
     n2: 4476928 0x400A61A: _dl_map_object (dl-load.c:2236)
      n1: 4423680 0x400F504: openaux (dl-deps.c:64)
       n1: 4423680 0x401DCA9: _dl_catch_exception (dl-error-skeleton.c:208)
        n1: 4423680 0x400F952: _dl_map_object_deps (dl-deps.c:248)
         n1: 4423680 0x4004063: dl_main (rtld.c:1805)
          n1: 4423680 0x401CC3A: _dl_sysdep_start (dl-sysdep.c:252)
           n1: 4423680 0x400204B: _dl_start_final (rtld.c:449)
            n1: 4423680 0x400204B: _dl_start (rtld.c:539)
             n0: 4423680 0x4001107: ??? (in /usr/lib/x86_64-linux-gnu/ld-2.31.so)
      n0: 53248 in 2 places, all below massif's threshold (1.00%)
   n0: 151552 in 3 places, all below massif's threshold (1.00%)
 n1: 5103616 0x49B1916: __mmap64 (mmap64.c:59)
  n4: 5103616 0x49B1916: mmap (mmap64.c:47)
   n1: 3039232 0x48CB60C: _nl_load_locale_from_archive (loadarchive.c:227)
    n1: 3039232 0x48CA1FD: _nl_find_locale (findlocale.c:153)
     n1: 3039232 0x48C9924: setlocale (setlocale.c:337)
      n1: 3039232 0x48C9924: setlocale (setlocale.c:217)
       n1: 3039232 0x11CC28: ??? (in /usr/bin/top)
        n1: 3039232 0x10FC7A: ??? (in /usr/bin/top)
         n1: 3039232 0x10CE32: ??? (in /usr/bin/top)
          n0: 3039232 0x48BD0B2: (below main) (libc-start.c:308)
   n1: 1765376 0x48CACA5: _nl_load_locale (loadlocale.c:224)
    n1: 1765376 0x48CA8EF: _nl_find_locale (findlocale.c:238)
     n1: 1765376 0x48C9924: setlocale (setlocale.c:337)
      n1: 1765376 0x48C9924: setlocale (setlocale.c:217)
       n1: 1765376 0x11CC28: ??? (in /usr/bin/top)
        n1: 1765376 0x10FC7A: ??? (in /usr/bin/top)
         n1: 1765376 0x10CE32: ??? (in /usr/bin/top)
          n0: 1765376 0x48BD0B2: (below main) (libc-start.c:308)
   n1: 270336 0x49309A8: sysmalloc (malloc.c:2310)
    n1: 270336 0x49317C2: _int_malloc (malloc.c:4141)
     n1: 270336 0x4933183: malloc (malloc.c:3058)
      n1: 270336 0x48464EA: ??? (in /usr/lib/x86_64-linux-gnu/libprocps.so.8.0.2)
       n0: 270336 in 2 places, all below massif's threshold (1.00%)
   n0: 28672 in 1 place, below massif's threshold (1.00%)
 n0: 512000 0x0: ???
 n1: 270336 0x49AD2BB: brk (brk.c:31)
  n1: 270336 0x49AD3A0: __sbrk (sbrk.c:56)
   n1: 270336 0x49AD3A0: sbrk (sbrk.c:31)
    n1: 270336 0x4935BBC: __default_morecore (morecore.c:47)
     n1: 270336 0x49305A4: sysmalloc (malloc.c:2470)
      n1: 270336 0x49317C2: _int_malloc (malloc.c:4141)
       n0: 270336 in 2 places, all below massif's threshold (1.00%)
 n0: 0 in 1 place, below massif's threshold (1.00%)
#-----------
snapshot=54
#-----------
time=2262458
mem_heap_B=15572992
mem_heap_extra_B=0
mem_stacks_B=0
heap_tree=empty
#-----------
snapshot=55
#-----------
time=2266760
mem_heap_B=15654912
mem_heap_extra_B=0
mem_stacks_B=0
heap_tree=empty
#-----------
snapshot=56
#-----------
time=2266836
mem_heap_B=15683584
mem_heap_extra_B=0
mem_stacks_B=0
heap_tree=empty
#-----------
snapshot=57
#-----------
time=2266886
mem_heap_B=15691776
mem_heap_extra_B=0
mem_stacks_B=0
heap_tree=empty
#-----------
snapshot=58
#-----------
time=2266933
mem_heap_B=15699968
mem_heap_extra_B=0
mem_stacks_B=0
heap_tree=empty
#-----------
snapshot=59
#-----------
time=2267427
mem_heap_B=15724544
mem_heap_extra_B=0
mem_stacks_B=0
heap_tree=empty
#-----------
snapshot=60
#-----------
time=2317037
mem_heap_B=15724544
mem_heap_extra_B=0
mem_stacks_B=0
heap_tree=peak
n5: 15724544 (page allocation syscalls) mmap/mremap/brk, --alloc-fns, etc.
 n1: 9838592 0x401F176: __mmap64 (mmap64.c:59)
  n3: 9838592 0x401F176: mmap (mmap64.c:47)
   n1: 5099520 0x4007325: _dl_map_segments (dl-map-segments.h:56)
    n1: 5099520 0x4007325: _dl_map_object_from_fd (dl-load.c:1186)
     n2: 5099520 0x400A61A: _dl_map_object (dl-load.c:2236)
      n1: 4943872 0x400F504: openaux (dl-deps.c:64)
       n1: 4943872 0x401DCA9: _dl_catch_exception (dl-error-skeleton.c:208)
        n1: 4943872 0x400F952: _dl_map_object_deps (dl-deps.c:248)
         n1: 4943872 0x4004063: dl_main (rtld.c:1805)
          n1: 4943872 0x401CC3A: _dl_sysdep_start (dl-sysdep.c:252)
           n1: 4943872 0x400204B: _dl_start_final (rtld.c:449)
            n1: 4943872 0x400204B: _dl_start (rtld.c:539)
             n0: 4943872 0x4001107: ??? (in /usr/lib/x86_64-linux-gnu/ld-2.31.so)
      n0: 155648 in 2 places, all below massif's threshold (1.00%)
   n1: 4521984 0x4007491: _dl_map_segments (dl-map-segments.h:94)
    n1: 4521984 0x4007491: _dl_map_object_from_fd (dl-load.c:1186)
     n2: 4521984 0x400A61A: _dl_map_object (dl-load.c:2236)
      n1: 4423680 0x400F504: openaux (dl-deps.c:64)
       n1: 4423680 0x401DCA9: _dl_catch_exception (dl-error-skeleton.c:208)
        n1: 4423680 0x400F952: _dl_map_object_deps (dl-deps.c:248)
         n1: 4423680 0x4004063: dl_main (rtld.c:1805)
          n1: 4423680 0x401CC3A: _dl_sysdep_start (dl-sysdep.c:252)
           n1: 4423680 0x400204B: _dl_start_final (rtld.c:449)
            n1: 4423680 0x400204B: _dl_start (rtld.c:539)
             n0: 4423680 0x4001107: ??? (in /usr/lib/x86_64-linux-gnu/ld-2.31.so)
      n0: 98304 in 2 places, all below massif's threshold (1.00%)
   n0: 217088 in 3 places, all below massif's threshold (1.00%)
 n1: 5103616 0x49B1916: __mmap64 (mmap64.c:59)
  n4: 5103616 0x49B1916: mmap (mmap64.c:47)
   n1: 3039232 0x48CB60C: _nl_load_locale_from_archive (loadarchive.c:227)
    n1: 3039232 0x48CA1FD: _nl_find_locale (findlocale.c:153)
     n1: 3039232 0x48C9924: setlocale (setlocale.c:337)
      n1: 3039232 0x48C9924: setlocale (setlocale.c:217)
       n1: 3039232 0x11CC28: ??? (in /usr/bin/top)
        n1: 3039232 0x10FC7A: ??? (in /usr/bin/top)
         n1: 3039232 0x10CE32: ??? (in /usr/bin/top)
          n0: 3039232 0x48BD0B2: (below main) (libc-start.c:308)
   n1: 1765376 0x48CACA5: _nl_load_locale (loadlocale.c:224)
    n1: 1765376 0x48CA8EF: _nl_find_locale (findlocale.c:238)
     n1: 1765376 0x48C9924: setlocale (setlocale.c:337)
      n1: 1765376 0x48C9924: setlocale (setlocale.c:217)
       n1: 1765376 0x11CC28: ??? (in /usr/bin/top)
        n1: 1765376 0x10FC7A: ??? (in /usr/bin/top)
         n1: 1765376 0x10CE32: ??? (in /usr/bin/top)
          n0: 1765376 0x48BD0B2: (below main) (libc-start.c:308)
   n1: 270336 0x49309A8: sysmalloc (malloc.c:2310)
    n1: 270336 0x49317C2: _int_malloc (malloc.c:4141)
     n1: 270336 0x4933183: malloc (malloc.c:3058)
      n1: 270336 0x48464EA: ??? (in /usr/lib/x86_64-linux-gnu/libprocps.so.8.0.2)
       n0: 270336 in 2 places, all below massif's threshold (1.00%)
   n0: 28672 in 1 place, below massif's threshold (1.00%)
 n0: 512000 0x0: ???
 n1: 270336 0x49AD2BB: brk (brk.c:31)
  n1: 270336 0x49AD3A0: __sbrk (sbrk.c:56)
   n1: 270336 0x49AD3A0: sbrk (sbrk.c:31)
    n1: 270336 0x4935BBC: __default_morecore (morecore.c:47)
     n1: 270336 0x49305A4: sysmalloc (malloc.c:2470)
      n1: 270336 0x49317C2: _int_malloc (malloc.c:4141)
       n0: 270336 in 2 places, all below massif's threshold (1.00%)
 n0: 0 in 1 place, below massif's threshold (1.00%)
#-----------
snapshot=61
#-----------
time=2317037
mem_heap_B=15720448
mem_heap_extra_B=0
mem_stacks_B=0
heap_tree=empty
#-----------
snapshot=62
#-----------
time=6755338
mem_heap_B=15679488
mem_heap_extra_B=0
mem_stacks_B=0
heap_tree=empty
#-----------
snapshot=63
#-----------
time=6756465
mem_heap_B=15474688
mem_heap_extra_B=0
mem_stacks_B=0
heap_tree=empty
#-----------
snapshot=64
#-----------
time=6757614
mem_heap_B=15470592
mem_heap_extra_B=0
mem_stacks_B=0
heap_tree=empty
#-----------
snapshot=65
#-----------
time=6758827
mem_heap_B=15466496
mem_heap_extra_B=0
mem_stacks_B=0
heap_tree=empty
#-----------
snapshot=66
#-----------
time=6760016
mem_heap_B=13946880
mem_heap_extra_B=0
mem_stacks_B=0
heap_tree=empty
#-----------
snapshot=67
#-----------
time=6762039
mem_heap_B=13942784
mem_heap_extra_B=0
mem_stacks_B=0
heap_tree=empty
#-----------
snapshot=68
#-----------
time=6763272
mem_heap_B=13938688
mem_heap_extra_B=0
mem_stacks_B=0
heap_tree=empty
#-----------
snapshot=69
#-----------
time=6764501
mem_heap_B=13934592
mem_heap_extra_B=0
mem_stacks_B=0
heap_tree=empty
#-----------
snapshot=70
#-----------
time=6765730
mem_heap_B=13930496
mem_heap_extra_B=0
mem_stacks_B=0
heap_tree=detailed
n5: 13930496 (page allocation syscalls) mmap/mremap/brk, --alloc-fns, etc.
 n1: 9797632 0x401F176: __mmap64 (mmap64.c:59)
  n3: 9797632 0x401F176: mmap (mmap64.c:47)
   n1: 5099520 0x4007325: _dl_map_segments (dl-map-segments.h:56)
    n1: 5099520 0x4007325: _dl_map_object_from_fd (dl-load.c:1186)
     n2: 5099520 0x400A61A: _dl_map_object (dl-load.c:2236)
      n1: 4943872 0x400F504: openaux (dl-deps.c:64)
       n1: 4943872 0x401DCA9: _dl_catch_exception (dl-error-skeleton.c:208)
        n1: 4943872 0x400F952: _dl_map_object_deps (dl-deps.c:248)
         n1: 4943872 0x4004063: dl_main (rtld.c:1805)
          n1: 4943872 0x401CC3A: _dl_sysdep_start (dl-sysdep.c:252)
           n1: 4943872 0x400204B: _dl_start_final (rtld.c:449)
            n1: 4943872 0x400204B: _dl_start (rtld.c:539)
             n0: 4943872 0x4001107: ??? (in /usr/lib/x86_64-linux-gnu/ld-2.31.so)
      n0: 155648 in 2 places, all below massif's threshold (1.00%)
   n1: 4521984 0x4007491: _dl_map_segments (dl-map-segments.h:94)
    n1: 4521984 0x4007491: _dl_map_object_from_fd (dl-load.c:1186)
     n2: 4521984 0x400A61A: _dl_map_object (dl-load.c:2236)
      n1: 4423680 0x400F504: openaux (dl-deps.c:64)
       n1: 4423680 0x401DCA9: _dl_catch_exception (dl-error-skeleton.c:208)
        n1: 4423680 0x400F952: _dl_map_object_deps (dl-deps.c:248)
         n1: 4423680 0x4004063: dl_main (rtld.c:1805)
          n1: 4423680 0x401CC3A: _dl_sysdep_start (dl-sysdep.c:252)
           n1: 4423680 0x400204B: _dl_start_final (rtld.c:449)
            n1: 4423680 0x400204B: _dl_start (rtld.c:539)
             n0: 4423680 0x4001107: ??? (in /usr/lib/x86_64-linux-gnu/ld-2.31.so)
      n0: 98304 in 2 places, all below massif's threshold (1.00%)
   n0: 176128 in 3 places, all below massif's threshold (1.00%)
 n1: 3350528 0x49B1916: __mmap64 (mmap64.c:59)
  n3: 3350528 0x49B1916: mmap (mmap64.c:47)
   n1: 3039232 0x48CB60C: _nl_load_locale_from_archive (loadarchive.c:227)
    n1: 3039232 0x48CA1FD: _nl_find_locale (findlocale.c:153)
     n1: 3039232 0x48C9924: setlocale (setlocale.c:337)
      n1: 3039232 0x48C9924: setlocale (setlocale.c:217)
       n1: 3039232 0x11CC28: ??? (in /usr/bin/top)
        n1: 3039232 0x10FC7A: ??? (in /usr/bin/top)
         n1: 3039232 0x10CE32: ??? (in /usr/bin/top)
          n0: 3039232 0x48BD0B2: (below main) (libc-start.c:308)
   n1: 270336 0x49309A8: sysmalloc (malloc.c:2310)
    n1: 270336 0x49317C2: _int_malloc (malloc.c:4141)
     n1: 270336 0x4933183: malloc (malloc.c:3058)
      n1: 270336 0x48464EA: ??? (in /usr/lib/x86_64-linux-gnu/libprocps.so.8.0.2)
       n0: 270336 in 2 places, all below massif's threshold (1.00%)
   n0: 40960 in 2 places, all below massif's threshold (1.00%)
 n0: 512000 0x0: ???
 n1: 270336 0x49AD2BB: brk (brk.c:31)
  n1: 270336 0x49AD3A0: __sbrk (sbrk.c:56)
   n1: 270336 0x49AD3A0: sbrk (sbrk.c:31)
    n1: 270336 0x4935BBC: __default_morecore (morecore.c:47)
     n1: 270336 0x49305A4: sysmalloc (malloc.c:2470)
      n1: 270336 0x49317C2: _int_malloc (malloc.c:4141)
       n0: 270336 in 2 places, all below massif's threshold (1.00%)
 n0: 0 in 1 place, below massif's threshold (1.00%)
#-----------
snapshot=71
#-----------
time=6766959
mem_heap_B=13926400
mem_heap_extra_B=0
mem_stacks_B=0
heap_tree=empty
#-----------
snapshot=72
#-----------
time=6768208
mem_heap_B=13922304
mem_heap_extra_B=0
mem_stacks_B=0
heap_tree=empty
#-----------
snapshot=73
#-----------
time=6769437
mem_heap_B=13918208
mem_heap_extra_B=0
mem_stacks_B=0
heap_tree=empty
#-----------
snapshot=74
#-----------
time=6770212
mem_heap_B=13914112
mem_heap_extra_B=0
mem_stacks_B=0
heap_tree=empty
#-----------
snapshot=75
#-----------
time=6772028
mem_heap_B=10874880
mem_heap_extra_B=0
mem_stacks_B=0
heap_tree=empty
#-----------
snapshot=76
#-----------
time=6779735
mem_heap_B=10846208
mem_heap_extra_B=0
mem_stacks_B=0
heap_tree=empty
